2018-10-12 15:40:56 =SUPERVISOR REPORT====
     Supervisor: {local,'Elixir.Logger.Supervisor'}
     Context:    child_terminated
     Reason:     normal
     Offender:   [{pid,<0.2979.0>},{id,'Elixir.Logger.ErrorHandler'},{mfargs,{'Elixir.Logger.Watcher',start_link,[{error_logger,'Elixir.Logger.ErrorHandler',{true,false,500}}]}},{restart_type,permanent},{shutdown,5000},{child_type,worker}]

2018-10-12 15:40:57 =CRASH REPORT====
  crasher:
    initial call: h2_connection:init/1
    pid: <0.3273.0>
    registered_name: []
    exception exit: {econnrefused,[{gen_fsm,init_it,6,[{file,"gen_fsm.erl"},{line,358}]},{proc_lib,init_p_do_apply,3,[{file,"proc_lib.erl"},{line,247}]}]}
    ancestors: [<0.3272.0>]
    message_queue_len: 0
    messages: []
    links: [<0.3272.0>]
    dictionary: []
    trap_exit: false
    status: running
    heap_size: 2586
    stack_size: 27
    reductions: 8293
  neighbours:
    neighbour: [{pid,<0.3272.0>},{registered_name,[]},{initial_call,{erlang,apply,2}},{current_function,{proc_lib,sync_wait,2}},{ancestors,[]},{message_queue_len,1},{links,[<0.3273.0>]},{trap_exit,false},{status,runnable},{heap_size,376},{stack_size,21},{reductions,192},{current_stacktrace,[{proc_lib,sync_wait,2,[{file,"proc_lib.erl"},{line,348}]},{'Elixir.MongoosePushTest',reset,1,[{file,"test/mongoose_push_test.exs"},{line,241}]},{'Elixir.MongoosePushTest','__ex_unit_setup_0',1,[{file,"test/mongoose_push_test.exs"},{line,9}]},{'Elixir.MongoosePushTest','__ex_unit__',2,[{file,"test/mongoose_push_test.exs"},{line,1}]},{'Elixir.ExUnit.Runner',exec_test_setup,2,[{file,"lib/ex_unit/runner.ex"},{line,299}]},{'Elixir.ExUnit.Runner','-spawn_test/3-fun-0-',2,[{file,"lib/ex_unit/runner.ex"},{line,246}]},{timer,tc,1,[{file,"timer.erl"},{line,166}]},{'Elixir.ExUnit.Runner','-spawn_test/3-fun-1-',4,[{file,"lib/ex_unit/runner.ex"},{line,245}]}]}]
2018-10-12 15:40:57 =CRASH REPORT====
  crasher:
    initial call: h2_connection:init/1
    pid: <0.3277.0>
    registered_name: []
    exception exit: {econnrefused,[{gen_fsm,init_it,6,[{file,"gen_fsm.erl"},{line,358}]},{proc_lib,init_p_do_apply,3,[{file,"proc_lib.erl"},{line,247}]}]}
    ancestors: [<0.3276.0>]
    message_queue_len: 0
    messages: []
    links: [<0.3276.0>]
    dictionary: []
    trap_exit: false
    status: running
    heap_size: 1598
    stack_size: 27
    reductions: 8251
  neighbours:
    neighbour: [{pid,<0.3276.0>},{registered_name,[]},{initial_call,{erlang,apply,2}},{current_function,{proc_lib,sync_wait,2}},{ancestors,[]},{message_queue_len,1},{links,[<0.3277.0>]},{trap_exit,false},{status,runnable},{heap_size,233},{stack_size,21},{reductions,147},{current_stacktrace,[{proc_lib,sync_wait,2,[{file,"proc_lib.erl"},{line,348}]},{'Elixir.MongoosePushTest',reset,1,[{file,"test/mongoose_push_test.exs"},{line,241}]},{'Elixir.MongoosePushTest','__ex_unit_setup_0',1,[{file,"test/mongoose_push_test.exs"},{line,9}]},{'Elixir.MongoosePushTest','__ex_unit__',2,[{file,"test/mongoose_push_test.exs"},{line,1}]},{'Elixir.ExUnit.Runner',exec_test_setup,2,[{file,"lib/ex_unit/runner.ex"},{line,299}]},{'Elixir.ExUnit.Runner','-spawn_test/3-fun-0-',2,[{file,"lib/ex_unit/runner.ex"},{line,246}]},{timer,tc,1,[{file,"timer.erl"},{line,166}]},{'Elixir.ExUnit.Runner','-spawn_test/3-fun-1-',4,[{file,"lib/ex_unit/runner.ex"},{line,245}]}]}]
2018-10-12 15:40:57 =CRASH REPORT====
  crasher:
    initial call: h2_connection:init/1
    pid: <0.3279.0>
    registered_name: []
    exception exit: {econnrefused,[{gen_fsm,init_it,6,[{file,"gen_fsm.erl"},{line,358}]},{proc_lib,init_p_do_apply,3,[{file,"proc_lib.erl"},{line,247}]}]}
    ancestors: [<0.3278.0>]
    message_queue_len: 0
    messages: []
    links: [<0.3278.0>]
    dictionary: []
    trap_exit: false
    status: running
    heap_size: 1598
    stack_size: 27
    reductions: 8251
  neighbours:
    neighbour: [{pid,<0.3278.0>},{registered_name,[]},{initial_call,{erlang,apply,2}},{current_function,{code_server,call,1}},{ancestors,[]},{message_queue_len,0},{links,[<0.3279.0>]},{trap_exit,false},{status,waiting},{heap_size,610},{stack_size,23},{reductions,219},{current_stacktrace,[{code_server,call,1,[{file,"code_server.erl"},{line,140}]},{error_handler,undefined_function,3,[{file,"error_handler.erl"},{line,41}]},{'Elixir.ExUnit.Runner',failed,3,[{file,"lib/ex_unit/runner.ex"},{line,353}]},{'Elixir.ExUnit.Runner',exec_test_setup,2,[{file,"lib/ex_unit/runner.ex"},{line,302}]},{'Elixir.ExUnit.Runner','-spawn_test/3-fun-0-',2,[{file,"lib/ex_unit/runner.ex"},{line,246}]},{timer,tc,1,[{file,"timer.erl"},{line,166}]},{'Elixir.ExUnit.Runner','-spawn_test/3-fun-1-',4,[{file,"lib/ex_unit/runner.ex"},{line,245}]}]}]
2018-10-12 15:40:57 =CRASH REPORT====
  crasher:
    initial call: h2_connection:init/1
    pid: <0.3281.0>
    registered_name: []
    exception exit: {econnrefused,[{gen_fsm,init_it,6,[{file,"gen_fsm.erl"},{line,358}]},{proc_lib,init_p_do_apply,3,[{file,"proc_lib.erl"},{line,247}]}]}
    ancestors: [<0.3280.0>]
    message_queue_len: 0
    messages: []
    links: [<0.3280.0>]
    dictionary: []
    trap_exit: false
    status: running
    heap_size: 1598
    stack_size: 27
    reductions: 8251
  neighbours:
    neighbour: [{pid,<0.3280.0>},{registered_name,[]},{initial_call,{erlang,apply,2}},{current_function,{code_server,call,1}},{ancestors,[]},{message_queue_len,0},{links,[<0.3281.0>]},{trap_exit,false},{status,waiting},{heap_size,610},{stack_size,23},{reductions,218},{current_stacktrace,[{code_server,call,1,[{file,"code_server.erl"},{line,140}]},{error_handler,undefined_function,3,[{file,"error_handler.erl"},{line,41}]},{'Elixir.ExUnit.Runner',failed,3,[{file,"lib/ex_unit/runner.ex"},{line,353}]},{'Elixir.ExUnit.Runner',exec_test_setup,2,[{file,"lib/ex_unit/runner.ex"},{line,302}]},{'Elixir.ExUnit.Runner','-spawn_test/3-fun-0-',2,[{file,"lib/ex_unit/runner.ex"},{line,246}]},{timer,tc,1,[{file,"timer.erl"},{line,166}]},{'Elixir.ExUnit.Runner','-spawn_test/3-fun-1-',4,[{file,"lib/ex_unit/runner.ex"},{line,245}]}]}]
2018-10-12 15:40:57 =CRASH REPORT====
  crasher:
    initial call: h2_connection:init/1
    pid: <0.3283.0>
    registered_name: []
    exception exit: {econnrefused,[{gen_fsm,init_it,6,[{file,"gen_fsm.erl"},{line,358}]},{proc_lib,init_p_do_apply,3,[{file,"proc_lib.erl"},{line,247}]}]}
    ancestors: [<0.3282.0>]
    message_queue_len: 0
    messages: []
    links: [<0.3282.0>]
    dictionary: []
    trap_exit: false
    status: running
    heap_size: 1598
    stack_size: 27
    reductions: 8251
  neighbours:
    neighbour: [{pid,<0.3282.0>},{registered_name,[]},{initial_call,{erlang,apply,2}},{current_function,{code_server,call,1}},{ancestors,[]},{message_queue_len,0},{links,[<0.3283.0>]},{trap_exit,false},{status,waiting},{heap_size,610},{stack_size,23},{reductions,218},{current_stacktrace,[{code_server,call,1,[{file,"code_server.erl"},{line,140}]},{error_handler,undefined_function,3,[{file,"error_handler.erl"},{line,41}]},{'Elixir.ExUnit.Runner',failed,3,[{file,"lib/ex_unit/runner.ex"},{line,353}]},{'Elixir.ExUnit.Runner',exec_test_setup,2,[{file,"lib/ex_unit/runner.ex"},{line,302}]},{'Elixir.ExUnit.Runner','-spawn_test/3-fun-0-',2,[{file,"lib/ex_unit/runner.ex"},{line,246}]},{timer,tc,1,[{file,"timer.erl"},{line,166}]},{'Elixir.ExUnit.Runner','-spawn_test/3-fun-1-',4,[{file,"lib/ex_unit/runner.ex"},{line,245}]}]}]
2018-10-12 15:40:57 =CRASH REPORT====
  crasher:
    initial call: h2_connection:init/1
    pid: <0.3285.0>
    registered_name: []
    exception exit: {econnrefused,[{gen_fsm,init_it,6,[{file,"gen_fsm.erl"},{line,358}]},{proc_lib,init_p_do_apply,3,[{file,"proc_lib.erl"},{line,247}]}]}
    ancestors: [<0.3284.0>]
    message_queue_len: 0
    messages: []
    links: [<0.3284.0>]
    dictionary: []
    trap_exit: false
    status: running
    heap_size: 1598
    stack_size: 27
    reductions: 8251
  neighbours:
    neighbour: [{pid,<0.3284.0>},{registered_name,[]},{initial_call,{erlang,apply,2}},{current_function,{code_server,call,1}},{ancestors,[]},{message_queue_len,0},{links,[<0.3285.0>]},{trap_exit,false},{status,waiting},{heap_size,610},{stack_size,23},{reductions,220},{current_stacktrace,[{code_server,call,1,[{file,"code_server.erl"},{line,140}]},{error_handler,undefined_function,3,[{file,"error_handler.erl"},{line,41}]},{'Elixir.ExUnit.Runner',failed,3,[{file,"lib/ex_unit/runner.ex"},{line,353}]},{'Elixir.ExUnit.Runner',exec_test_setup,2,[{file,"lib/ex_unit/runner.ex"},{line,302}]},{'Elixir.ExUnit.Runner','-spawn_test/3-fun-0-',2,[{file,"lib/ex_unit/runner.ex"},{line,246}]},{timer,tc,1,[{file,"timer.erl"},{line,166}]},{'Elixir.ExUnit.Runner','-spawn_test/3-fun-1-',4,[{file,"lib/ex_unit/runner.ex"},{line,245}]}]}]
2018-10-12 15:40:57 =CRASH REPORT====
  crasher:
    initial call: h2_connection:init/1
    pid: <0.3287.0>
    registered_name: []
    exception exit: {econnrefused,[{gen_fsm,init_it,6,[{file,"gen_fsm.erl"},{line,358}]},{proc_lib,init_p_do_apply,3,[{file,"proc_lib.erl"},{line,247}]}]}
    ancestors: [<0.3286.0>]
    message_queue_len: 0
    messages: []
    links: [<0.3286.0>]
    dictionary: []
    trap_exit: false
    status: running
    heap_size: 1598
    stack_size: 27
    reductions: 8251
  neighbours:
    neighbour: [{pid,<0.3286.0>},{registered_name,[]},{initial_call,{erlang,apply,2}},{current_function,{code_server,call,1}},{ancestors,[]},{message_queue_len,0},{links,[<0.3287.0>]},{trap_exit,false},{status,waiting},{heap_size,610},{stack_size,23},{reductions,219},{current_stacktrace,[{code_server,call,1,[{file,"code_server.erl"},{line,140}]},{error_handler,undefined_function,3,[{file,"error_handler.erl"},{line,41}]},{'Elixir.ExUnit.Runner',failed,3,[{file,"lib/ex_unit/runner.ex"},{line,353}]},{'Elixir.ExUnit.Runner',exec_test_setup,2,[{file,"lib/ex_unit/runner.ex"},{line,302}]},{'Elixir.ExUnit.Runner','-spawn_test/3-fun-0-',2,[{file,"lib/ex_unit/runner.ex"},{line,246}]},{timer,tc,1,[{file,"timer.erl"},{line,166}]},{'Elixir.ExUnit.Runner','-spawn_test/3-fun-1-',4,[{file,"lib/ex_unit/runner.ex"},{line,245}]}]}]
2018-10-12 15:40:57 =CRASH REPORT====
  crasher:
    initial call: h2_connection:init/1
    pid: <0.3289.0>
    registered_name: []
    exception exit: {econnrefused,[{gen_fsm,init_it,6,[{file,"gen_fsm.erl"},{line,358}]},{proc_lib,init_p_do_apply,3,[{file,"proc_lib.erl"},{line,247}]}]}
    ancestors: [<0.3288.0>]
    message_queue_len: 0
    messages: []
    links: [<0.3288.0>]
    dictionary: []
    trap_exit: false
    status: running
    heap_size: 1598
    stack_size: 27
    reductions: 8251
  neighbours:
    neighbour: [{pid,<0.3288.0>},{registered_name,[]},{initial_call,{erlang,apply,2}},{current_function,{code_server,call,1}},{ancestors,[]},{message_queue_len,0},{links,[<0.3289.0>]},{trap_exit,false},{status,waiting},{heap_size,610},{stack_size,23},{reductions,221},{current_stacktrace,[{code_server,call,1,[{file,"code_server.erl"},{line,140}]},{error_handler,undefined_function,3,[{file,"error_handler.erl"},{line,41}]},{'Elixir.ExUnit.Runner',failed,3,[{file,"lib/ex_unit/runner.ex"},{line,353}]},{'Elixir.ExUnit.Runner',exec_test_setup,2,[{file,"lib/ex_unit/runner.ex"},{line,302}]},{'Elixir.ExUnit.Runner','-spawn_test/3-fun-0-',2,[{file,"lib/ex_unit/runner.ex"},{line,246}]},{timer,tc,1,[{file,"timer.erl"},{line,166}]},{'Elixir.ExUnit.Runner','-spawn_test/3-fun-1-',4,[{file,"lib/ex_unit/runner.ex"},{line,245}]}]}]
2018-10-12 15:40:57 =CRASH REPORT====
  crasher:
    initial call: h2_connection:init/1
    pid: <0.3291.0>
    registered_name: []
    exception exit: {econnrefused,[{gen_fsm,init_it,6,[{file,"gen_fsm.erl"},{line,358}]},{proc_lib,init_p_do_apply,3,[{file,"proc_lib.erl"},{line,247}]}]}
    ancestors: [<0.3290.0>]
    message_queue_len: 0
    messages: []
    links: [<0.3290.0>]
    dictionary: []
    trap_exit: false
    status: running
    heap_size: 1598
    stack_size: 27
    reductions: 8251
  neighbours:
    neighbour: [{pid,<0.3290.0>},{registered_name,[]},{initial_call,{erlang,apply,2}},{current_function,{code_server,call,1}},{ancestors,[]},{message_queue_len,0},{links,[<0.3291.0>]},{trap_exit,false},{status,waiting},{heap_size,610},{stack_size,23},{reductions,219},{current_stacktrace,[{code_server,call,1,[{file,"code_server.erl"},{line,140}]},{error_handler,undefined_function,3,[{file,"error_handler.erl"},{line,41}]},{'Elixir.ExUnit.Runner',failed,3,[{file,"lib/ex_unit/runner.ex"},{line,353}]},{'Elixir.ExUnit.Runner',exec_test_setup,2,[{file,"lib/ex_unit/runner.ex"},{line,302}]},{'Elixir.ExUnit.Runner','-spawn_test/3-fun-0-',2,[{file,"lib/ex_unit/runner.ex"},{line,246}]},{timer,tc,1,[{file,"timer.erl"},{line,166}]},{'Elixir.ExUnit.Runner','-spawn_test/3-fun-1-',4,[{file,"lib/ex_unit/runner.ex"},{line,245}]}]}]
2018-10-12 15:40:57 =CRASH REPORT====
  crasher:
    initial call: h2_connection:init/1
    pid: <0.3293.0>
    registered_name: []
    exception exit: {econnrefused,[{gen_fsm,init_it,6,[{file,"gen_fsm.erl"},{line,358}]},{proc_lib,init_p_do_apply,3,[{file,"proc_lib.erl"},{line,247}]}]}
    ancestors: [<0.3292.0>]
    message_queue_len: 0
    messages: []
    links: [<0.3292.0>]
    dictionary: []
    trap_exit: false
    status: running
    heap_size: 1598
    stack_size: 27
    reductions: 8251
  neighbours:
    neighbour: [{pid,<0.3292.0>},{registered_name,[]},{initial_call,{erlang,apply,2}},{current_function,{proc_lib,sync_wait,2}},{ancestors,[]},{message_queue_len,1},{links,[<0.3293.0>]},{trap_exit,false},{status,runnable},{heap_size,376},{stack_size,21},{reductions,148},{current_stacktrace,[{proc_lib,sync_wait,2,[{file,"proc_lib.erl"},{line,348}]},{'Elixir.MongoosePushTest',reset,1,[{file,"test/mongoose_push_test.exs"},{line,241}]},{'Elixir.MongoosePushTest','__ex_unit_setup_0',1,[{file,"test/mongoose_push_test.exs"},{line,9}]},{'Elixir.MongoosePushTest','__ex_unit__',2,[{file,"test/mongoose_push_test.exs"},{line,1}]},{'Elixir.ExUnit.Runner',exec_test_setup,2,[{file,"lib/ex_unit/runner.ex"},{line,299}]},{'Elixir.ExUnit.Runner','-spawn_test/3-fun-0-',2,[{file,"lib/ex_unit/runner.ex"},{line,246}]},{timer,tc,1,[{file,"timer.erl"},{line,166}]},{'Elixir.ExUnit.Runner','-spawn_test/3-fun-1-',4,[{file,"lib/ex_unit/runner.ex"},{line,245}]}]}]
2018-10-12 15:40:57 =CRASH REPORT====
  crasher:
    initial call: h2_connection:init/1
    pid: <0.3295.0>
    registered_name: []
    exception exit: {econnrefused,[{gen_fsm,init_it,6,[{file,"gen_fsm.erl"},{line,358}]},{proc_lib,init_p_do_apply,3,[{file,"proc_lib.erl"},{line,247}]}]}
    ancestors: [<0.3294.0>]
    message_queue_len: 0
    messages: []
    links: [<0.3294.0>]
    dictionary: []
    trap_exit: false
    status: running
    heap_size: 1598
    stack_size: 27
    reductions: 8251
  neighbours:
    neighbour: [{pid,<0.3294.0>},{registered_name,[]},{initial_call,{erlang,apply,2}},{current_function,{proc_lib,sync_wait,2}},{ancestors,[]},{message_queue_len,1},{links,[<0.3295.0>]},{trap_exit,false},{status,runnable},{heap_size,233},{stack_size,21},{reductions,147},{current_stacktrace,[{proc_lib,sync_wait,2,[{file,"proc_lib.erl"},{line,348}]},{'Elixir.MongoosePushTest',reset,1,[{file,"test/mongoose_push_test.exs"},{line,241}]},{'Elixir.MongoosePushTest','__ex_unit_setup_0',1,[{file,"test/mongoose_push_test.exs"},{line,9}]},{'Elixir.MongoosePushTest','__ex_unit__',2,[{file,"test/mongoose_push_test.exs"},{line,1}]},{'Elixir.ExUnit.Runner',exec_test_setup,2,[{file,"lib/ex_unit/runner.ex"},{line,299}]},{'Elixir.ExUnit.Runner','-spawn_test/3-fun-0-',2,[{file,"lib/ex_unit/runner.ex"},{line,246}]},{timer,tc,1,[{file,"timer.erl"},{line,166}]},{'Elixir.ExUnit.Runner','-spawn_test/3-fun-1-',4,[{file,"lib/ex_unit/runner.ex"},{line,245}]}]}]
2018-10-12 15:40:57 =CRASH REPORT====
  crasher:
    initial call: h2_connection:init/1
    pid: <0.3297.0>
    registered_name: []
    exception exit: {econnrefused,[{gen_fsm,init_it,6,[{file,"gen_fsm.erl"},{line,358}]},{proc_lib,init_p_do_apply,3,[{file,"proc_lib.erl"},{line,247}]}]}
    ancestors: [<0.3296.0>]
    message_queue_len: 0
    messages: []
    links: [<0.3296.0>]
    dictionary: []
    trap_exit: false
    status: running
    heap_size: 1598
    stack_size: 27
    reductions: 8251
  neighbours:
    neighbour: [{pid,<0.3296.0>},{registered_name,[]},{initial_call,{erlang,apply,2}},{current_function,{proc_lib,sync_wait,2}},{ancestors,[]},{message_queue_len,1},{links,[<0.3297.0>]},{trap_exit,false},{status,runnable},{heap_size,233},{stack_size,21},{reductions,147},{current_stacktrace,[{proc_lib,sync_wait,2,[{file,"proc_lib.erl"},{line,348}]},{'Elixir.MongoosePushTest',reset,1,[{file,"test/mongoose_push_test.exs"},{line,241}]},{'Elixir.MongoosePushTest','__ex_unit_setup_0',1,[{file,"test/mongoose_push_test.exs"},{line,9}]},{'Elixir.MongoosePushTest','__ex_unit__',2,[{file,"test/mongoose_push_test.exs"},{line,1}]},{'Elixir.ExUnit.Runner',exec_test_setup,2,[{file,"lib/ex_unit/runner.ex"},{line,299}]},{'Elixir.ExUnit.Runner','-spawn_test/3-fun-0-',2,[{file,"lib/ex_unit/runner.ex"},{line,246}]},{timer,tc,1,[{file,"timer.erl"},{line,166}]},{'Elixir.ExUnit.Runner','-spawn_test/3-fun-1-',4,[{file,"lib/ex_unit/runner.ex"},{line,245}]}]}]
2018-10-12 15:40:57 =CRASH REPORT====
  crasher:
    initial call: h2_connection:init/1
    pid: <0.3299.0>
    registered_name: []
    exception exit: {econnrefused,[{gen_fsm,init_it,6,[{file,"gen_fsm.erl"},{line,358}]},{proc_lib,init_p_do_apply,3,[{file,"proc_lib.erl"},{line,247}]}]}
    ancestors: [<0.3298.0>]
    message_queue_len: 0
    messages: []
    links: [<0.3298.0>]
    dictionary: []
    trap_exit: false
    status: running
    heap_size: 1598
    stack_size: 27
    reductions: 8251
  neighbours:
    neighbour: [{pid,<0.3298.0>},{registered_name,[]},{initial_call,{erlang,apply,2}},{current_function,{proc_lib,sync_wait,2}},{ancestors,[]},{message_queue_len,1},{links,[<0.3299.0>]},{trap_exit,false},{status,runnable},{heap_size,233},{stack_size,21},{reductions,147},{current_stacktrace,[{proc_lib,sync_wait,2,[{file,"proc_lib.erl"},{line,348}]},{'Elixir.MongoosePushTest',reset,1,[{file,"test/mongoose_push_test.exs"},{line,241}]},{'Elixir.MongoosePushTest','__ex_unit_setup_0',1,[{file,"test/mongoose_push_test.exs"},{line,9}]},{'Elixir.MongoosePushTest','__ex_unit__',2,[{file,"test/mongoose_push_test.exs"},{line,1}]},{'Elixir.ExUnit.Runner',exec_test_setup,2,[{file,"lib/ex_unit/runner.ex"},{line,299}]},{'Elixir.ExUnit.Runner','-spawn_test/3-fun-0-',2,[{file,"lib/ex_unit/runner.ex"},{line,246}]},{timer,tc,1,[{file,"timer.erl"},{line,166}]},{'Elixir.ExUnit.Runner','-spawn_test/3-fun-1-',4,[{file,"lib/ex_unit/runner.ex"},{line,245}]}]}]
